Virtuoso Framework License (111) was checked out successfully. Total checkout time was 0.03s.
********************************************************************************
Product   : Virtuoso(R) XStream Out
Program   : @(#)$CDS: strmout version 6.1.8-64b 01/30/2024 20:01 (cpgbld02) $
          : sub-version  IC6.1.8-64b.500.35 
Started at: 29-Apr-2026  12:24:28
User Name : lx2349
Host Name : ecs04.poly.edu
Directory : /home/lx2349/vlsi2
CADENCE Design Systems, Inc.
********************************************************************************
Info: Cellview Rev Num:99,  Tech Rev Num:59

Loading gpdk045/libInit.il ...
	Loading gpdk045/loadCxt.ile ... done!
	Loading context 'gpdk045' from library 'gpdk045' ... done!
	Loading context 'pdkUtils' from library 'gpdk045' ... done!
	Loading gpdk045/gpdk045_customFilter.il ... done!
	Loading gpdk045/libInitCustomExit.il ... 
	Loading Environment Settings ...
	Loading gpdk045/gpdk045_PDKRegistrations.il ... done!

  *************************************************************           
  *              Cadence Design Systems, Inc.                 *           
  *                                                           *           
  *                    Generic 45nm PDK                       *           
  *                        (gpdk045)                          *           
  *                                                           *           
  *************************************************************           
	

	VERSION: 6.0 (09-September-2019)

done!
Loaded gpdk045/libInit.il successfully!
WARNING (XSTRM-20): Output Stream file '/home/lx2349/vlsi2/run_drc/inv_x1.gds' already exists. It will be overwritten.
INFO (XSTRM-217): Reading the layer map file, /ALL_PDK/gpdk045_v_6_0/gpdk045/gpdk045.layermap
INFO (XSTRM-162): You have not used the '-viaMap' option. If the OpenAccess design has native oaVia instances, use the '-viaMap' option for preserving oaVia instances in a XStream Out - XStream In round trip. Using the '-viaMap' option improves performance and VM usage of applications using the Streamed-In design.

Summary of Options :
library                                 ece6443lib
strmFile                                /home/lx2349/vlsi2/run_drc/inv_x1.gds
topCell                                 inv_x1
view                                    layout
runDir                                  /home/lx2349/vlsi2/run_drc
logFile                                 /home/lx2349/vlsi2/run_drc/PIPO1.LOG
techLib                                 ece6443lib
hierDepth                               32
maxVertices                             2048
layerMap                                /ALL_PDK/gpdk045_v_6_0/gpdk045/gpdk045.layermap
userSkillFile                           /home/lx2349/vlsi2/run_drc/strmout.il
labelDepth                              32
case                                    Preserve
convertDot                              node

INFO (XSTRM-223): 1. Translating stdVia gpdk045/M1_PO/layout as STRUCTURE M1_PO_CDNS_777479868430.
INFO (XSTRM-223): 2. Translating cellView gpdk045/nmos1v/layout as STRUCTURE nmos1v_CDNS_777479868430.
INFO (XSTRM-223): 3. Translating cellView gpdk045/pmos1v/layout as STRUCTURE pmos1v_CDNS_777479868431.
INFO (XSTRM-223): 4. Translating cellView ece6443lib/inv_x1/layout as STRUCTURE inv_x1.
INFO (XSTRM-180): You have not used the '-objectMap' option. The design has instance(s) of at least one of following OpenAccess objects: oaBlockage, oaBoundary, oaRow, and oaMarker. Any information about these objects will not be translated into the generated stream file. Use the '-objectMap' option to translate/preserve these objects using XStream.

Summary of Objects Translated:
	Scalar Instances:                       2
	Array Instances:                        0
	Polygons:                               0
	Paths:                                  0
	Rectangles:                             49
	Lines:                                  0
	Arcs:                                   0
	Donuts:                                 0
	Dots:                                   0
	Ellipses:                               0
	Boundaries:                             0
	Area Blockages:                         0
	Layer Blockages:                        0
	Area Halos:                             0
	Markers:                                0
	Rows:                                   0
	Standard Vias                           1
	Custom Vias:                            0
	CdsGen Vias:                            0
	Pathsegs:                               12
	Text:                                   0
	TextDisplay:                            0
	Cells:                                  4

Elapsed Time: 0.3s   User Time: 0.1s   CPU Time: 0.0s   Peak VM: 5732KB
INFO (XSTRM-234): Translation completed. '0' error(s) and '1' warning(s) found.
