********************************************************************************
Product   : Virtuoso(R) XStream Out
Program   : @(#)$CDS: strmout version 6.1.8-64b 01/30/2024 20:01 (cpgbld02) $
          : sub-version  IC6.1.8-64b.500.35 
Started at: 29-Apr-2026  20:39:56
User Name : lx2349
Host Name : ecs04.poly.edu
Directory : /home/lx2349/vlsi2
CADENCE Design Systems, Inc.
********************************************************************************
Info: Cellview Rev Num:99,  Tech Rev Num:59

INFO (XSTRM-217): Reading the layer map file, /ALL_PDK/gpdk045_v_6_0/gpdk045/gpdk045.layermap
INFO (XSTRM-162): You have not used the '-viaMap' option. If the OpenAccess design has native oaVia instances, use the '-viaMap' option for preserving oaVia instances in a XStream Out - XStream In round trip. Using the '-viaMap' option improves performance and VM usage of applications using the Streamed-In design.

Summary of Options :
library                                 ece6443lib
strmFile                                /home/lx2349/vlsi2/run_lvs2/inv_x2.gds
topCell                                 inv_x2
view                                    layout
runDir                                  /home/lx2349/vlsi2/run_lvs2
logFile                                 /home/lx2349/vlsi2/run_lvs2/PIPO1.LOG
techLib                                 ece6443lib
hierDepth                               32
maxVertices                             2048
layerMap                                /ALL_PDK/gpdk045_v_6_0/gpdk045/gpdk045.layermap
userSkillFile                           /home/lx2349/vlsi2/run_lvs2/strmout.il
labelDepth                              32
case                                    Preserve
convertDot                              node
convertPin                              geometryAndText

INFO (XSTRM-223): 1. Translating stdVia gpdk045/M1_PO/layout as STRUCTURE M1_PO_CDNS_777509596340.
INFO (XSTRM-223): 2. Translating cellView gpdk045/nmos1v/layout as STRUCTURE nmos1v_CDNS_777509596340.
INFO (XSTRM-223): 3. Translating cellView gpdk045/pmos1v/layout as STRUCTURE pmos1v_CDNS_777509596341.
INFO (XSTRM-223): 4. Translating cellView ece6443lib/inv_x2/layout as STRUCTURE inv_x2.
INFO (XSTRM-180): You have not used the '-objectMap' option. The design has instance(s) of at least one of following OpenAccess objects: oaBlockage, oaBoundary, oaRow, and oaMarker. Any information about these objects will not be translated into the generated stream file. Use the '-objectMap' option to translate/preserve these objects using XStream.

Summary of Objects Translated:
	Scalar Instances:                       2
	Array Instances:                        0
	Polygons:                               0
	Paths:                                  0
	Rectangles:                             55
	Lines:                                  0
	Arcs:                                   0
	Donuts:                                 0
	Dots:                                   0
	Ellipses:                               0
	Boundaries:                             0
	Area Blockages:                         0
	Layer Blockages:                        0
	Area Halos:                             0
	Markers:                                0
	Rows:                                   0
	Standard Vias                           1
	Custom Vias:                            0
	CdsGen Vias:                            0
	Pathsegs:                               11
	Text:                                   0
	TextDisplay:                            0
	Cells:                                  4

Elapsed Time: 0.3s   User Time: 0.1s   CPU Time: 0.0s   Peak VM: 5696KB
INFO (XSTRM-234): Translation completed. '0' error(s) and '0' warning(s) found.
