 
****************************************
Report : area
Design : bist
Version: W-2024.09-SP5-5
Date   : Thu Apr 30 01:54:05 2026
****************************************

Library(s) Used:

    saed32lvt_ss0p75v125c (File: /home/lx2349/vlsi2/vlsi2_final/DCNXT_2021.06/ref/DBs/saed32lvt_ss0p75v125c.db)

Number of ports:                          179
Number of nets:                          2005
Number of cells:                         1827
Number of combinational cells:           1284
Number of sequential cells:               531
Number of macros/black boxes:               0
Number of buf/inv:                        221
Number of references:                      12

Combinational area:               3024.567747
Buf/Inv area:                      332.166216
Noncombinational area:            3510.237042
Macro/Black Box area:                0.000000
Net Interconnect area:            1467.669532

Total cell area:                  6534.804789
Total area:                       8002.474321
1
