Loading db file '/home/lx2349/vlsi2/vlsi2_final/DCNXT_2021.06/ref/DBs/saed32lvt_ss0p75v125c.db'
Information: Propagating switching activity (low effort zero delay simulation). (PWR-6)
Warning: Design has unannotated primary inputs. (PWR-414)
Warning: Design has unannotated sequential cell outputs. (PWR-415)
 
****************************************
Report : power
        -analysis_effort low
Design : bist
Version: W-2024.09-SP5-5
Date   : Thu Apr 30 01:54:11 2026
****************************************


Library(s) Used:

    saed32lvt_ss0p75v125c (File: /home/lx2349/vlsi2/vlsi2_final/DCNXT_2021.06/ref/DBs/saed32lvt_ss0p75v125c.db)


Operating Conditions: ss0p75v125c   Library: saed32lvt_ss0p75v125c
Wire Load Model Mode: enclosed

Design        Wire Load Model            Library
------------------------------------------------
bist                   8000              saed32lvt_ss0p75v125c
controller             ForQA             saed32lvt_ss0p75v125c
counter_length10       8000              saed32lvt_ss0p75v125c
decoder                ForQA             saed32lvt_ss0p75v125c
multiplexer_WIDTH6     ForQA             saed32lvt_ss0p75v125c
multiplexer_WIDTH8     ForQA             saed32lvt_ss0p75v125c
sram                   8000              saed32lvt_ss0p75v125c
comparator             ForQA             saed32lvt_ss0p75v125c
counter_length10_DW01_inc_0
                       ForQA             saed32lvt_ss0p75v125c


Global Operating Voltage = 0.75 
Power-specific unit information :
    Voltage Units = 1V
    Capacitance Units = 1.000000ff
    Time Units = 1ns
    Dynamic Power Units = 1uW    (derived from V,C,T units)
    Leakage Power Units = 1pW


Attributes
----------
i - Including register clock pin internal power


  Cell Internal Power  = 895.0507 uW   (98%)
  Net Switching Power  =  14.4715 uW    (2%)
                         ---------
Total Dynamic Power    = 909.5222 uW  (100%)

Cell Leakage Power     =   1.0499 mW


                 Internal         Switching           Leakage            Total
Power Group      Power            Power               Power              Power   (   %    )  Attrs
--------------------------------------------------------------------------------------------------
io_pad             0.0000            0.0000            0.0000            0.0000  (   0.00%)
memory             0.0000            0.0000            0.0000            0.0000  (   0.00%)
black_box          0.0000            0.0000            0.0000            0.0000  (   0.00%)
clock_network    847.0359            0.0000            0.0000          847.0359  (  43.23%)  i
register          28.7429            1.1876        7.3128e+08          761.2155  (  38.85%)
sequential         0.0000            0.0000            0.0000            0.0000  (   0.00%)
combinational     19.2721           13.2839        3.1857e+08          351.1231  (  17.92%)
--------------------------------------------------------------------------------------------------
Total            895.0508 uW        14.4715 uW     1.0499e+09 pW     1.9594e+03 uW
1
